<?xml version="1.0" encoding="UTF-8"?>
<testsuite name="parametrizedEmailTest" tests="21" skipped="0" failures="0" errors="0" timestamp="2020-09-21T05:46:01" hostname="DESKTOP-JVE4C36" time="0.021">
  <properties/>
  <testcase name="Email_validateTest_ReturnTrueOrFalse[0]" classname="parametrizedEmailTest" time="0.003"/>
  <testcase name="Email_validateTest_ReturnTrueOrFalse[1]" classname="parametrizedEmailTest" time="0.0"/>
  <testcase name="Email_validateTest_ReturnTrueOrFalse[2]" classname="parametrizedEmailTest" time="0.0"/>
  <testcase name="Email_validateTest_ReturnTrueOrFalse[3]" classname="parametrizedEmailTest" time="0.0"/>
  <testcase name="Email_validateTest_ReturnTrueOrFalse[4]" classname="parametrizedEmailTest" time="0.001"/>
  <testcase name="Email_validateTest_ReturnTrueOrFalse[5]" classname="parametrizedEmailTest" time="0.0"/>
  <testcase name="Email_validateTest_ReturnTrueOrFalse[6]" classname="parametrizedEmailTest" time="0.0"/>
  <testcase name="Email_validateTest_ReturnTrueOrFalse[7]" classname="parametrizedEmailTest" time="0.0"/>
  <testcase name="Email_validateTest_ReturnTrueOrFalse[8]" classname="parametrizedEmailTest" time="0.0"/>
  <testcase name="Email_validateTest_ReturnTrueOrFalse[9]" classname="parametrizedEmailTest" time="0.001"/>
  <testcase name="Email_validateTest_ReturnTrueOrFalse[10]" classname="parametrizedEmailTest" time="0.0"/>
  <testcase name="Email_validateTest_ReturnTrueOrFalse[11]" classname="parametrizedEmailTest" time="0.001"/>
  <testcase name="Email_validateTest_ReturnTrueOrFalse[12]" classname="parametrizedEmailTest" time="0.0"/>
  <testcase name="Email_validateTest_ReturnTrueOrFalse[13]" classname="parametrizedEmailTest" time="0.0"/>
  <testcase name="Email_validateTest_ReturnTrueOrFalse[14]" classname="parametrizedEmailTest" time="0.0"/>
  <testcase name="Email_validateTest_ReturnTrueOrFalse[15]" classname="parametrizedEmailTest" time="0.004"/>
  <testcase name="Email_validateTest_ReturnTrueOrFalse[16]" classname="parametrizedEmailTest" time="0.001"/>
  <testcase name="Email_validateTest_ReturnTrueOrFalse[17]" classname="parametrizedEmailTest" time="0.0"/>
  <testcase name="Email_validateTest_ReturnTrueOrFalse[18]" classname="parametrizedEmailTest" time="0.0"/>
  <testcase name="Email_validateTest_ReturnTrueOrFalse[19]" classname="parametrizedEmailTest" time="0.001"/>
  <testcase name="Email_validateTest_ReturnTrueOrFalse[20]" classname="parametrizedEmailTest" time="0.0"/>
  <system-out><![CDATA[]]></system-out>
  <system-err><![CDATA[]]></system-err>
</testsuite>
