<?xml version="1.0" encoding="UTF-8"?>
<testsuite name="com.Bridgelabz.UserRegistrationTest" tests="5" skipped="0" failures="0" errors="0" timestamp="2020-09-22T10:27:39" hostname="DESKTOP-JVE4C36" time="0.009">
  <properties/>
  <testcase name="LastName_havingMinimum3char_returnFalse" classname="com.Bridgelabz.UserRegistrationTest" time="0.003"/>
  <testcase name="FirstName_havingMinimum3char_returnFalse" classname="com.Bridgelabz.UserRegistrationTest" time="0.001"/>
  <testcase name="LastName_havingMinimum3char_returnTrue" classname="com.Bridgelabz.UserRegistrationTest" time="0.001"/>
  <testcase name="FirstName_havingMinimum3char_returnFalse2" classname="com.Bridgelabz.UserRegistrationTest" time="0.0"/>
  <testcase name="FirstName_havingMinimum3char_returnTrue" classname="com.Bridgelabz.UserRegistrationTest" time="0.0"/>
  <system-out><![CDATA[]]></system-out>
  <system-err><![CDATA[]]></system-err>
</testsuite>
