<?xml version="1.0" encoding="UTF-8"?>
<testsuite name="com.Bridgelabz.UserRegistrationTest" tests="7" skipped="0" failures="0" errors="0" timestamp="2020-09-22T10:30:38" hostname="DESKTOP-JVE4C36" time="0.024">
  <properties/>
  <testcase name="LastName_havingMinimum3char_returnFalse" classname="com.Bridgelabz.UserRegistrationTest" time="0.003"/>
  <testcase name="FirstName_havingMinimum3char_returnFalse" classname="com.Bridgelabz.UserRegistrationTest" time="0.0"/>
  <testcase name="LastName_havingMinimum3char_returnTrue" classname="com.Bridgelabz.UserRegistrationTest" time="0.0"/>
  <testcase name="FirstName_havingMinimum3char_returnFalse2" classname="com.Bridgelabz.UserRegistrationTest" time="0.004"/>
  <testcase name="FirstName_havingMinimum3char_returnTrue" classname="com.Bridgelabz.UserRegistrationTest" time="0.002"/>
  <testcase name="Email_havingValidPattern_returnFalse" classname="com.Bridgelabz.UserRegistrationTest" time="0.005"/>
  <testcase name="Email_havingValidPattern_returnTrue" classname="com.Bridgelabz.UserRegistrationTest" time="0.002"/>
  <system-out><![CDATA[]]></system-out>
  <system-err><![CDATA[]]></system-err>
</testsuite>
