<?xml version="1.0" encoding="UTF-8"?>
<testsuite name="com.Bridgelabz.UserRegistrationTest" tests="5" skipped="0" failures="0" errors="0" timestamp="2020-09-20T12:57:31" hostname="DESKTOP-JVE4C36" time="0.014">
  <properties/>
  <testcase name="LastName_havingMinimum3char_returnTrue" classname="com.Bridgelabz.UserRegistrationTest" time="0.005"/>
  <testcase name="MobileNumber_10DigitMobileNumber_returnTrue" classname="com.Bridgelabz.UserRegistrationTest" time="0.001"/>
  <testcase name="Password_pattern_returnTrue" classname="com.Bridgelabz.UserRegistrationTest" time="0.001"/>
  <testcase name="FirstName_havingMinimum3char_returnTrue" classname="com.Bridgelabz.UserRegistrationTest" time="0.0"/>
  <testcase name="Email_havingValidPattern_returnTrue" classname="com.Bridgelabz.UserRegistrationTest" time="0.002"/>
  <system-out><![CDATA[]]></system-out>
  <system-err><![CDATA[]]></system-err>
</testsuite>
